[2025-11-10 14:58:51.218] [INF] (examples/fetch_configuration_from_yml.c:main:15): =============================================================
                                                                                        LogX - Fetching configuration from yml file example
                                                                                   =============================================================
[2025-11-10 14:58:51.228] [MSC] (examples/fetch_configuration_from_yml.c:main:16): This is a trace log
[2025-11-10 14:58:51.236] [DBG] (examples/fetch_configuration_from_yml.c:main:17): This is a debug log
[2025-11-10 14:58:51.249] [INF] (examples/fetch_configuration_from_yml.c:main:18): This is an info log
[2025-11-10 14:58:51.264] [WRN] (examples/fetch_configuration_from_yml.c:main:19): This is a warning log
[2025-11-10 14:58:51.266] [ERR] (examples/fetch_configuration_from_yml.c:main:20): This is a error log
[2025-11-10 14:58:51.275] [FTL] (examples/fetch_configuration_from_yml.c:main:21): This is a fatal log
[2025-11-10 14:59:21.010] [INF] (examples/fetch_configuration_from_yml.c:main:15): =============================================================
                                                                                        LogX - Fetching configuration from yml file example
                                                                                   =============================================================
[2025-11-10 14:59:21.012] [MSC] (examples/fetch_configuration_from_yml.c:main:16): This is a trace log
[2025-11-10 14:59:21.022] [DBG] (examples/fetch_configuration_from_yml.c:main:17): This is a debug log
[2025-11-10 14:59:21.028] [INF] (examples/fetch_configuration_from_yml.c:main:18): This is an info log
[2025-11-10 14:59:21.029] [WRN] (examples/fetch_configuration_from_yml.c:main:19): This is a warning log
[2025-11-10 14:59:21.043] [ERR] (examples/fetch_configuration_from_yml.c:main:20): This is a error log
[2025-11-10 14:59:21.044] [FTL] (examples/fetch_configuration_from_yml.c:main:21): This is a fatal log
[2025-11-10 14:59:45.723] [INF] (examples/fetch_configuration_from_yml.c:main:15): =============================================================
                                                                                        LogX - Fetching configuration from yml file example
                                                                                   =============================================================
[2025-11-10 14:59:45.725] [MSC] (examples/fetch_configuration_from_yml.c:main:16): This is a trace log
[2025-11-10 14:59:45.726] [DBG] (examples/fetch_configuration_from_yml.c:main:17): This is a debug log
[2025-11-10 14:59:45.727] [INF] (examples/fetch_configuration_from_yml.c:main:18): This is an info log
[2025-11-10 14:59:45.728] [WRN] (examples/fetch_configuration_from_yml.c:main:19): This is a warning log
[2025-11-10 14:59:45.728] [ERR] (examples/fetch_configuration_from_yml.c:main:20): This is a error log
[2025-11-10 14:59:45.729] [FTL] (examples/fetch_configuration_from_yml.c:main:21): This is a fatal log
[2025-11-10 15:08:33.789] [INF] (examples/fetch_configuration_from_yml.c:main:15): =============================================================
                                                                                        LogX - Fetching configuration from yml file example
                                                                                   =============================================================
[2025-11-10 15:08:33.791] [MSC] (examples/fetch_configuration_from_yml.c:main:16): This is a trace log
[2025-11-10 15:08:33.792] [DBG] (examples/fetch_configuration_from_yml.c:main:17): This is a debug log
[2025-11-10 15:08:33.793] [INF] (examples/fetch_configuration_from_yml.c:main:18): This is an info log
[2025-11-10 15:08:33.795] [WRN] (examples/fetch_configuration_from_yml.c:main:19): This is a warning log
[2025-11-10 15:08:33.797] [ERR] (examples/fetch_configuration_from_yml.c:main:20): This is a error log
[2025-11-10 15:08:33.799] [FTL] (examples/fetch_configuration_from_yml.c:main:21): This is a fatal log
